<?xml version="1.0" encoding="UTF-8"?>
<!-- Generated by org.testng.reporters.JUnitReportReporter -->
<testsuite hostname="ATMECSINDT-006" failures="0" tests="1" name="com.atmecs.travelphp.testscripts.HomePage" time="6.380" errors="0" timestamp="11 Sep 2019 10:13:53 GMT" skipped="0">
  <testcase classname="com.atmecs.travelphp.testscripts.HomePage" name="home" time="6.380"/>
</testsuite> <!-- com.atmecs.travelphp.testscripts.HomePage -->
