<?xml version="1.0" encoding="UTF-8"?>
<!-- Generated by org.testng.reporters.JUnitReportReporter -->
<testsuite hostname="ATMECSINDT-006" failures="0" tests="3" name="com.atmecs.travelphp.testscripts.BookingPage" time="56.964" errors="0" timestamp="11 Sep 2019 15:06:22 GMT" skipped="0">
  <testcase classname="com.atmecs.travelphp.testscripts.BookingPage" name="home" time="3.331"/>
  <testcase classname="com.atmecs.travelphp.testscripts.BookingPage" name="select" time="25.768"/>
  <testcase classname="com.atmecs.travelphp.testscripts.BookingPage" name="booking" time="27.865"/>
</testsuite> <!-- com.atmecs.travelphp.testscripts.BookingPage -->
