<?xml version="1.0" encoding="UTF-8"?>
<!-- Generated by org.testng.reporters.JUnitReportReporter -->
<testsuite hostname="ATMECSINDT-006" failures="0" tests="1" name="com.atmecs.travelphp.testsuite.TestBase" time="10.139" errors="0" timestamp="10 Sep 2019 09:53:12 GMT" skipped="0">
  <testcase classname="com.atmecs.travelphp.testsuite.TestBase" name="setBrowser" time="10.139"/>
</testsuite> <!-- com.atmecs.travelphp.testsuite.TestBase -->
